The system is: Linux - 4.0.8-3-ARCH - armv6l
Compiling the C compiler identification source file "CMakeCCompilerId.c" succeeded.
Compiler: /usr/bin/cc 
Build flags: 
Id flags: 

The output was:
0


Compilation of the C compiler identification source "CMakeCCompilerId.c" produced "a.out"

The C compiler identification is GNU, found in "/home/lykanthrop/projects/rufius/CMakeFiles/3.2.3/CompilerIdC/a.out"

Compiling the CXX compiler identification source file "CMakeCXXCompilerId.cpp" succeeded.
Compiler: /usr/bin/c++ 
Build flags: 
Id flags: 

The output was:
0


Compilation of the CXX compiler identification source "CMakeCXXCompilerId.cpp" produced "a.out"

The CXX compiler identification is GNU, found in "/home/lykanthrop/projects/rufius/CMakeFiles/3.2.3/CompilerIdCXX/a.out"

Determining if the C compiler works passed with the following output:
Change Dir: /home/lykanthrop/projects/rufius/CMakeFiles/CMakeTmp

Run Build Command:"/usr/bin/make" "cmTryCompileExec4194924000/fast"
/usr/bin/make -f CMakeFiles/cmTryCompileExec4194924000.dir/build.make CMakeFiles/cmTryCompileExec4194924000.dir/build
make[1]: Entering directory '/home/lykanthrop/projects/rufius/CMakeFiles/CMakeTmp'
/usr/bin/cmake -E cmake_progress_report /home/lykanthrop/projects/rufius/CMakeFiles/CMakeTmp/CMakeFiles 1
Building C object CMakeFiles/cmTryCompileExec4194924000.dir/testCCompiler.c.o
/usr/bin/cc    -o CMakeFiles/cmTryCompileExec4194924000.dir/testCCompiler.c.o   -c /home/lykanthrop/projects/rufius/CMakeFiles/CMakeTmp/testCCompiler.c
Linking C executable cmTryCompileExec4194924000
/usr/bin/cmake -E cmake_link_script CMakeFiles/cmTryCompileExec4194924000.dir/link.txt --verbose=1
/usr/bin/cc       CMakeFiles/cmTryCompileExec4194924000.dir/testCCompiler.c.o  -o cmTryCompileExec4194924000 -rdynamic 
make[1]: Leaving directory '/home/lykanthrop/projects/rufius/CMakeFiles/CMakeTmp'


Detecting C compiler ABI info compiled with the following output:
Change Dir: /home/lykanthrop/projects/rufius/CMakeFiles/CMakeTmp

Run Build Command:"/usr/bin/make" "cmTryCompileExec2187036583/fast"
/usr/bin/make -f CMakeFiles/cmTryCompileExec2187036583.dir/build.make CMakeFiles/cmTryCompileExec2187036583.dir/build
make[1]: Entering directory '/home/lykanthrop/projects/rufius/CMakeFiles/CMakeTmp'
/usr/bin/cmake -E cmake_progress_report /home/lykanthrop/projects/rufius/CMakeFiles/CMakeTmp/CMakeFiles 1
Building C object CMakeFiles/cmTryCompileExec2187036583.dir/CMakeCCompilerABI.c.o
/usr/bin/cc    -o CMakeFiles/cmTryCompileExec2187036583.dir/CMakeCCompilerABI.c.o   -c /usr/share/cmake-3.2/Modules/CMakeCCompilerABI.c
Linking C executable cmTryCompileExec2187036583
/usr/bin/cmake -E cmake_link_script CMakeFiles/cmTryCompileExec2187036583.dir/link.txt --verbose=1
/usr/bin/cc      -v CMakeFiles/cmTryCompileExec2187036583.dir/CMakeCCompilerABI.c.o  -o cmTryCompileExec2187036583 -rdynamic  
Using built-in specs.
COLLECT_GCC=/usr/bin/cc
COLLECT_LTO_WRAPPER=/usr/lib/gcc/armv6l-unknown-linux-gnueabihf/5.1.0/lto-wrapper
Target: armv6l-unknown-linux-gnueabihf
Configured with: /build/gcc/src/gcc-5-20150623/configure --prefix=/usr --libdir=/usr/lib --libexecdir=/usr/lib --mandir=/usr/share/man --infodir=/usr/share/info --with-bugurl=https://github.com/archlinuxarm/PKGBUILDs/issues --enable-languages=c,c++,fortran,go,lto,objc,obj-c++ --enable-shared --enable-threads=posix --with-system-zlib --with-isl --enable-__cxa_atexit --disable-libunwind-exceptions --enable-clocale=gnu --disable-libstdcxx-pch --disable-libssp --enable-gnu-unique-object --enable-linker-build-id --enable-lto --enable-plugin --enable-install-libiberty --with-linker-hash-style=gnu --enable-gnu-indirect-function --disable-multilib --disable-werror --enable-checking=release --with-default-libstdcxx-abi=c++98 --host=armv6l-unknown-linux-gnueabihf --build=armv6l-unknown-linux-gnueabihf --with-arch=armv6 --with-float=hard --with-fpu=vfp
Thread model: posix
gcc version 5.1.0 (GCC) 
COMPILER_PATH=/usr/lib/gcc/armv6l-unknown-linux-gnueabihf/5.1.0/:/usr/lib/gcc/armv6l-unknown-linux-gnueabihf/5.1.0/:/usr/lib/gcc/armv6l-unknown-linux-gnueabihf/:/usr/lib/gcc/armv6l-unknown-linux-gnueabihf/5.1.0/:/usr/lib/gcc/armv6l-unknown-linux-gnueabihf/
LIBRARY_PATH=/usr/lib/gcc/armv6l-unknown-linux-gnueabihf/5.1.0/:/usr/lib/gcc/armv6l-unknown-linux-gnueabihf/5.1.0/../../../:/lib/:/usr/lib/
COLLECT_GCC_OPTIONS='-v' '-o' 'cmTryCompileExec2187036583' '-rdynamic' '-march=armv6' '-mfloat-abi=hard' '-mfpu=vfp' '-mtls-dialect=gnu'
 /usr/lib/gcc/armv6l-unknown-linux-gnueabihf/5.1.0/collect2 -plugin /usr/lib/gcc/armv6l-unknown-linux-gnueabihf/5.1.0/liblto_plugin.so -plugin-opt=/usr/lib/gcc/armv6l-unknown-linux-gnueabihf/5.1.0/lto-wrapper -plugin-opt=-fresolution=/tmp/ccKgW4Ia.res -plugin-opt=-pass-through=-lgcc -plugin-opt=-pass-through=-lgcc_s -plugin-opt=-pass-through=-lc -plugin-opt=-pass-through=-lgcc -plugin-opt=-pass-through=-lgcc_s --build-id --eh-frame-hdr --hash-style=gnu -export-dynamic -dynamic-linker /lib/ld-linux-armhf.so.3 -X -m armelf_linux_eabi -o cmTryCompileExec2187036583 /usr/lib/gcc/armv6l-unknown-linux-gnueabihf/5.1.0/../../../crt1.o /usr/lib/gcc/armv6l-unknown-linux-gnueabihf/5.1.0/../../../crti.o /usr/lib/gcc/armv6l-unknown-linux-gnueabihf/5.1.0/crtbegin.o -L/usr/lib/gcc/armv6l-unknown-linux-gnueabihf/5.1.0 -L/usr/lib/gcc/armv6l-unknown-linux-gnueabihf/5.1.0/../../.. CMakeFiles/cmTryCompileExec2187036583.dir/CMakeCCompilerABI.c.o -lgcc --as-needed -lgcc_s --no-as-needed -lc -lgcc --as-needed -lgcc_s --no-as-needed /usr/lib/gcc/armv6l-unknown-linux-gnueabihf/5.1.0/crtend.o /usr/lib/gcc/armv6l-unknown-linux-gnueabihf/5.1.0/../../../crtn.o
make[1]: Leaving directory '/home/lykanthrop/projects/rufius/CMakeFiles/CMakeTmp'


Parsed C implicit link information from above output:
  link line regex: [^( *|.*[/\])(ld|([^/\]+-)?ld|collect2)[^/\]*( |$)]
  ignore line: [Change Dir: /home/lykanthrop/projects/rufius/CMakeFiles/CMakeTmp]
  ignore line: []
  ignore line: [Run Build Command:"/usr/bin/make" "cmTryCompileExec2187036583/fast"]
  ignore line: [/usr/bin/make -f CMakeFiles/cmTryCompileExec2187036583.dir/build.make CMakeFiles/cmTryCompileExec2187036583.dir/build]
  ignore line: [make[1]: Entering directory '/home/lykanthrop/projects/rufius/CMakeFiles/CMakeTmp']
  ignore line: [/usr/bin/cmake -E cmake_progress_report /home/lykanthrop/projects/rufius/CMakeFiles/CMakeTmp/CMakeFiles 1]
  ignore line: [Building C object CMakeFiles/cmTryCompileExec2187036583.dir/CMakeCCompilerABI.c.o]
  ignore line: [/usr/bin/cc    -o CMakeFiles/cmTryCompileExec2187036583.dir/CMakeCCompilerABI.c.o   -c /usr/share/cmake-3.2/Modules/CMakeCCompilerABI.c]
  ignore line: [Linking C executable cmTryCompileExec2187036583]
  ignore line: [/usr/bin/cmake -E cmake_link_script CMakeFiles/cmTryCompileExec2187036583.dir/link.txt --verbose=1]
  ignore line: [/usr/bin/cc      -v CMakeFiles/cmTryCompileExec2187036583.dir/CMakeCCompilerABI.c.o  -o cmTryCompileExec2187036583 -rdynamic  ]
  ignore line: [Using built-in specs.]
  ignore line: [COLLECT_GCC=/usr/bin/cc]
  ignore line: [COLLECT_LTO_WRAPPER=/usr/lib/gcc/armv6l-unknown-linux-gnueabihf/5.1.0/lto-wrapper]
  ignore line: [Target: armv6l-unknown-linux-gnueabihf]
  ignore line: [Configured with: /build/gcc/src/gcc-5-20150623/configure --prefix=/usr --libdir=/usr/lib --libexecdir=/usr/lib --mandir=/usr/share/man --infodir=/usr/share/info --with-bugurl=https://github.com/archlinuxarm/PKGBUILDs/issues --enable-languages=c,c++,fortran,go,lto,objc,obj-c++ --enable-shared --enable-threads=posix --with-system-zlib --with-isl --enable-__cxa_atexit --disable-libunwind-exceptions --enable-clocale=gnu --disable-libstdcxx-pch --disable-libssp --enable-gnu-unique-object --enable-linker-build-id --enable-lto --enable-plugin --enable-install-libiberty --with-linker-hash-style=gnu --enable-gnu-indirect-function --disable-multilib --disable-werror --enable-checking=release --with-default-libstdcxx-abi=c++98 --host=armv6l-unknown-linux-gnueabihf --build=armv6l-unknown-linux-gnueabihf --with-arch=armv6 --with-float=hard --with-fpu=vfp]
  ignore line: [Thread model: posix]
  ignore line: [gcc version 5.1.0 (GCC) ]
  ignore line: [COMPILER_PATH=/usr/lib/gcc/armv6l-unknown-linux-gnueabihf/5.1.0/:/usr/lib/gcc/armv6l-unknown-linux-gnueabihf/5.1.0/:/usr/lib/gcc/armv6l-unknown-linux-gnueabihf/:/usr/lib/gcc/armv6l-unknown-linux-gnueabihf/5.1.0/:/usr/lib/gcc/armv6l-unknown-linux-gnueabihf/]
  ignore line: [LIBRARY_PATH=/usr/lib/gcc/armv6l-unknown-linux-gnueabihf/5.1.0/:/usr/lib/gcc/armv6l-unknown-linux-gnueabihf/5.1.0/../../../:/lib/:/usr/lib/]
  ignore line: [COLLECT_GCC_OPTIONS='-v' '-o' 'cmTryCompileExec2187036583' '-rdynamic' '-march=armv6' '-mfloat-abi=hard' '-mfpu=vfp' '-mtls-dialect=gnu']
  link line: [ /usr/lib/gcc/armv6l-unknown-linux-gnueabihf/5.1.0/collect2 -plugin /usr/lib/gcc/armv6l-unknown-linux-gnueabihf/5.1.0/liblto_plugin.so -plugin-opt=/usr/lib/gcc/armv6l-unknown-linux-gnueabihf/5.1.0/lto-wrapper -plugin-opt=-fresolution=/tmp/ccKgW4Ia.res -plugin-opt=-pass-through=-lgcc -plugin-opt=-pass-through=-lgcc_s -plugin-opt=-pass-through=-lc -plugin-opt=-pass-through=-lgcc -plugin-opt=-pass-through=-lgcc_s --build-id --eh-frame-hdr --hash-style=gnu -export-dynamic -dynamic-linker /lib/ld-linux-armhf.so.3 -X -m armelf_linux_eabi -o cmTryCompileExec2187036583 /usr/lib/gcc/armv6l-unknown-linux-gnueabihf/5.1.0/../../../crt1.o /usr/lib/gcc/armv6l-unknown-linux-gnueabihf/5.1.0/../../../crti.o /usr/lib/gcc/armv6l-unknown-linux-gnueabihf/5.1.0/crtbegin.o -L/usr/lib/gcc/armv6l-unknown-linux-gnueabihf/5.1.0 -L/usr/lib/gcc/armv6l-unknown-linux-gnueabihf/5.1.0/../../.. CMakeFiles/cmTryCompileExec2187036583.dir/CMakeCCompilerABI.c.o -lgcc --as-needed -lgcc_s --no-as-needed -lc -lgcc --as-needed -lgcc_s --no-as-needed /usr/lib/gcc/armv6l-unknown-linux-gnueabihf/5.1.0/crtend.o /usr/lib/gcc/armv6l-unknown-linux-gnueabihf/5.1.0/../../../crtn.o]
    arg [/usr/lib/gcc/armv6l-unknown-linux-gnueabihf/5.1.0/collect2] ==> ignore
    arg [-plugin] ==> ignore
    arg [/usr/lib/gcc/armv6l-unknown-linux-gnueabihf/5.1.0/liblto_plugin.so] ==> ignore
    arg [-plugin-opt=/usr/lib/gcc/armv6l-unknown-linux-gnueabihf/5.1.0/lto-wrapper] ==> ignore
    arg [-plugin-opt=-fresolution=/tmp/ccKgW4Ia.res] ==> ignore
    arg [-plugin-opt=-pass-through=-lgcc] ==> ignore
    arg [-plugin-opt=-pass-through=-lgcc_s] ==> ignore
    arg [-plugin-opt=-pass-through=-lc] ==> ignore
    arg [-plugin-opt=-pass-through=-lgcc] ==> ignore
    arg [-plugin-opt=-pass-through=-lgcc_s] ==> ignore
    arg [--build-id] ==> ignore
    arg [--eh-frame-hdr] ==> ignore
    arg [--hash-style=gnu] ==> ignore
    arg [-export-dynamic] ==> ignore
    arg [-dynamic-linker] ==> ignore
    arg [/lib/ld-linux-armhf.so.3] ==> ignore
    arg [-X] ==> ignore
    arg [-m] ==> ignore
    arg [armelf_linux_eabi] ==> ignore
    arg [-o] ==> ignore
    arg [cmTryCompileExec2187036583] ==> ignore
    arg [/usr/lib/gcc/armv6l-unknown-linux-gnueabihf/5.1.0/../../../crt1.o] ==> ignore
    arg [/usr/lib/gcc/armv6l-unknown-linux-gnueabihf/5.1.0/../../../crti.o] ==> ignore
    arg [/usr/lib/gcc/armv6l-unknown-linux-gnueabihf/5.1.0/crtbegin.o] ==> ignore
    arg [-L/usr/lib/gcc/armv6l-unknown-linux-gnueabihf/5.1.0] ==> dir [/usr/lib/gcc/armv6l-unknown-linux-gnueabihf/5.1.0]
    arg [-L/usr/lib/gcc/armv6l-unknown-linux-gnueabihf/5.1.0/../../..] ==> dir [/usr/lib/gcc/armv6l-unknown-linux-gnueabihf/5.1.0/../../..]
    arg [CMakeFiles/cmTryCompileExec2187036583.dir/CMakeCCompilerABI.c.o] ==> ignore
    arg [-lgcc] ==> lib [gcc]
    arg [--as-needed] ==> ignore
    arg [-lgcc_s] ==> lib [gcc_s]
    arg [--no-as-needed] ==> ignore
    arg [-lc] ==> lib [c]
    arg [-lgcc] ==> lib [gcc]
    arg [--as-needed] ==> ignore
    arg [-lgcc_s] ==> lib [gcc_s]
    arg [--no-as-needed] ==> ignore
    arg [/usr/lib/gcc/armv6l-unknown-linux-gnueabihf/5.1.0/crtend.o] ==> ignore
    arg [/usr/lib/gcc/armv6l-unknown-linux-gnueabihf/5.1.0/../../../crtn.o] ==> ignore
  remove lib [gcc]
  remove lib [gcc_s]
  remove lib [gcc]
  remove lib [gcc_s]
  collapse library dir [/usr/lib/gcc/armv6l-unknown-linux-gnueabihf/5.1.0] ==> [/usr/lib/gcc/armv6l-unknown-linux-gnueabihf/5.1.0]
  collapse library dir [/usr/lib/gcc/armv6l-unknown-linux-gnueabihf/5.1.0/../../..] ==> [/usr/lib]
  implicit libs: [c]
  implicit dirs: [/usr/lib/gcc/armv6l-unknown-linux-gnueabihf/5.1.0;/usr/lib]
  implicit fwks: []




Detecting C [-std=c11] compiler features compiled with the following output:
Change Dir: /home/lykanthrop/projects/rufius/CMakeFiles/CMakeTmp

Run Build Command:"/usr/bin/make" "cmTryCompileExec3426791603/fast"
/usr/bin/make -f CMakeFiles/cmTryCompileExec3426791603.dir/build.make CMakeFiles/cmTryCompileExec3426791603.dir/build
make[1]: Entering directory '/home/lykanthrop/projects/rufius/CMakeFiles/CMakeTmp'
/usr/bin/cmake -E cmake_progress_report /home/lykanthrop/projects/rufius/CMakeFiles/CMakeTmp/CMakeFiles 1
Building C object CMakeFiles/cmTryCompileExec3426791603.dir/feature_tests.c.o
/usr/bin/cc   -std=c11 -o CMakeFiles/cmTryCompileExec3426791603.dir/feature_tests.c.o   -c /home/lykanthrop/projects/rufius/CMakeFiles/feature_tests.c
Linking C executable cmTryCompileExec3426791603
/usr/bin/cmake -E cmake_link_script CMakeFiles/cmTryCompileExec3426791603.dir/link.txt --verbose=1
/usr/bin/cc       CMakeFiles/cmTryCompileExec3426791603.dir/feature_tests.c.o  -o cmTryCompileExec3426791603 -rdynamic 
make[1]: Leaving directory '/home/lykanthrop/projects/rufius/CMakeFiles/CMakeTmp'


    Feature record: C_FEATURE:1c_function_prototypes
    Feature record: C_FEATURE:1c_restrict
    Feature record: C_FEATURE:1c_static_assert
    Feature record: C_FEATURE:1c_variadic_macros


Detecting C [-std=c99] compiler features compiled with the following output:
Change Dir: /home/lykanthrop/projects/rufius/CMakeFiles/CMakeTmp

Run Build Command:"/usr/bin/make" "cmTryCompileExec649413346/fast"
/usr/bin/make -f CMakeFiles/cmTryCompileExec649413346.dir/build.make CMakeFiles/cmTryCompileExec649413346.dir/build
make[1]: Entering directory '/home/lykanthrop/projects/rufius/CMakeFiles/CMakeTmp'
/usr/bin/cmake -E cmake_progress_report /home/lykanthrop/projects/rufius/CMakeFiles/CMakeTmp/CMakeFiles 1
Building C object CMakeFiles/cmTryCompileExec649413346.dir/feature_tests.c.o
/usr/bin/cc   -std=c99 -o CMakeFiles/cmTryCompileExec649413346.dir/feature_tests.c.o   -c /home/lykanthrop/projects/rufius/CMakeFiles/feature_tests.c
Linking C executable cmTryCompileExec649413346
/usr/bin/cmake -E cmake_link_script CMakeFiles/cmTryCompileExec649413346.dir/link.txt --verbose=1
/usr/bin/cc       CMakeFiles/cmTryCompileExec649413346.dir/feature_tests.c.o  -o cmTryCompileExec649413346 -rdynamic 
make[1]: Leaving directory '/home/lykanthrop/projects/rufius/CMakeFiles/CMakeTmp'


    Feature record: C_FEATURE:1c_function_prototypes
    Feature record: C_FEATURE:1c_restrict
    Feature record: C_FEATURE:0c_static_assert
    Feature record: C_FEATURE:1c_variadic_macros


Detecting C [-std=c90] compiler features compiled with the following output:
Change Dir: /home/lykanthrop/projects/rufius/CMakeFiles/CMakeTmp

Run Build Command:"/usr/bin/make" "cmTryCompileExec1431408937/fast"
/usr/bin/make -f CMakeFiles/cmTryCompileExec1431408937.dir/build.make CMakeFiles/cmTryCompileExec1431408937.dir/build
make[1]: Entering directory '/home/lykanthrop/projects/rufius/CMakeFiles/CMakeTmp'
/usr/bin/cmake -E cmake_progress_report /home/lykanthrop/projects/rufius/CMakeFiles/CMakeTmp/CMakeFiles 1
Building C object CMakeFiles/cmTryCompileExec1431408937.dir/feature_tests.c.o
/usr/bin/cc   -std=c90 -o CMakeFiles/cmTryCompileExec1431408937.dir/feature_tests.c.o   -c /home/lykanthrop/projects/rufius/CMakeFiles/feature_tests.c
Linking C executable cmTryCompileExec1431408937
/usr/bin/cmake -E cmake_link_script CMakeFiles/cmTryCompileExec1431408937.dir/link.txt --verbose=1
/usr/bin/cc       CMakeFiles/cmTryCompileExec1431408937.dir/feature_tests.c.o  -o cmTryCompileExec1431408937 -rdynamic 
make[1]: Leaving directory '/home/lykanthrop/projects/rufius/CMakeFiles/CMakeTmp'


    Feature record: C_FEATURE:1c_function_prototypes
    Feature record: C_FEATURE:0c_restrict
    Feature record: C_FEATURE:0c_static_assert
    Feature record: C_FEATURE:0c_variadic_macros
Determining if the CXX compiler works passed with the following output:
Change Dir: /home/lykanthrop/projects/rufius/CMakeFiles/CMakeTmp

Run Build Command:"/usr/bin/make" "cmTryCompileExec3157006250/fast"
/usr/bin/make -f CMakeFiles/cmTryCompileExec3157006250.dir/build.make CMakeFiles/cmTryCompileExec3157006250.dir/build
make[1]: Entering directory '/home/lykanthrop/projects/rufius/CMakeFiles/CMakeTmp'
/usr/bin/cmake -E cmake_progress_report /home/lykanthrop/projects/rufius/CMakeFiles/CMakeTmp/CMakeFiles 1
Building CXX object CMakeFiles/cmTryCompileExec3157006250.dir/testCXXCompiler.cxx.o
/usr/bin/c++     -o CMakeFiles/cmTryCompileExec3157006250.dir/testCXXCompiler.cxx.o -c /home/lykanthrop/projects/rufius/CMakeFiles/CMakeTmp/testCXXCompiler.cxx
Linking CXX executable cmTryCompileExec3157006250
/usr/bin/cmake -E cmake_link_script CMakeFiles/cmTryCompileExec3157006250.dir/link.txt --verbose=1
/usr/bin/c++        CMakeFiles/cmTryCompileExec3157006250.dir/testCXXCompiler.cxx.o  -o cmTryCompileExec3157006250 -rdynamic 
make[1]: Leaving directory '/home/lykanthrop/projects/rufius/CMakeFiles/CMakeTmp'


Detecting CXX compiler ABI info compiled with the following output:
Change Dir: /home/lykanthrop/projects/rufius/CMakeFiles/CMakeTmp

Run Build Command:"/usr/bin/make" "cmTryCompileExec3215966492/fast"
/usr/bin/make -f CMakeFiles/cmTryCompileExec3215966492.dir/build.make CMakeFiles/cmTryCompileExec3215966492.dir/build
make[1]: Entering directory '/home/lykanthrop/projects/rufius/CMakeFiles/CMakeTmp'
/usr/bin/cmake -E cmake_progress_report /home/lykanthrop/projects/rufius/CMakeFiles/CMakeTmp/CMakeFiles 1
Building CXX object CMakeFiles/cmTryCompileExec3215966492.dir/CMakeCXXCompilerABI.cpp.o
/usr/bin/c++     -o CMakeFiles/cmTryCompileExec3215966492.dir/CMakeCXXCompilerABI.cpp.o -c /usr/share/cmake-3.2/Modules/CMakeCXXCompilerABI.cpp
Linking CXX executable cmTryCompileExec3215966492
/usr/bin/cmake -E cmake_link_script CMakeFiles/cmTryCompileExec3215966492.dir/link.txt --verbose=1
/usr/bin/c++       -v CMakeFiles/cmTryCompileExec3215966492.dir/CMakeCXXCompilerABI.cpp.o  -o cmTryCompileExec3215966492 -rdynamic  
Using built-in specs.
COLLECT_GCC=/usr/bin/c++
COLLECT_LTO_WRAPPER=/usr/lib/gcc/armv6l-unknown-linux-gnueabihf/5.1.0/lto-wrapper
Target: armv6l-unknown-linux-gnueabihf
Configured with: /build/gcc/src/gcc-5-20150623/configure --prefix=/usr --libdir=/usr/lib --libexecdir=/usr/lib --mandir=/usr/share/man --infodir=/usr/share/info --with-bugurl=https://github.com/archlinuxarm/PKGBUILDs/issues --enable-languages=c,c++,fortran,go,lto,objc,obj-c++ --enable-shared --enable-threads=posix --with-system-zlib --with-isl --enable-__cxa_atexit --disable-libunwind-exceptions --enable-clocale=gnu --disable-libstdcxx-pch --disable-libssp --enable-gnu-unique-object --enable-linker-build-id --enable-lto --enable-plugin --enable-install-libiberty --with-linker-hash-style=gnu --enable-gnu-indirect-function --disable-multilib --disable-werror --enable-checking=release --with-default-libstdcxx-abi=c++98 --host=armv6l-unknown-linux-gnueabihf --build=armv6l-unknown-linux-gnueabihf --with-arch=armv6 --with-float=hard --with-fpu=vfp
Thread model: posix
gcc version 5.1.0 (GCC) 
COMPILER_PATH=/usr/lib/gcc/armv6l-unknown-linux-gnueabihf/5.1.0/:/usr/lib/gcc/armv6l-unknown-linux-gnueabihf/5.1.0/:/usr/lib/gcc/armv6l-unknown-linux-gnueabihf/:/usr/lib/gcc/armv6l-unknown-linux-gnueabihf/5.1.0/:/usr/lib/gcc/armv6l-unknown-linux-gnueabihf/
LIBRARY_PATH=/usr/lib/gcc/armv6l-unknown-linux-gnueabihf/5.1.0/:/usr/lib/gcc/armv6l-unknown-linux-gnueabihf/5.1.0/../../../:/lib/:/usr/lib/
COLLECT_GCC_OPTIONS='-v' '-o' 'cmTryCompileExec3215966492' '-rdynamic' '-shared-libgcc' '-march=armv6' '-mfloat-abi=hard' '-mfpu=vfp' '-mtls-dialect=gnu'
 /usr/lib/gcc/armv6l-unknown-linux-gnueabihf/5.1.0/collect2 -plugin /usr/lib/gcc/armv6l-unknown-linux-gnueabihf/5.1.0/liblto_plugin.so -plugin-opt=/usr/lib/gcc/armv6l-unknown-linux-gnueabihf/5.1.0/lto-wrapper -plugin-opt=-fresolution=/tmp/ccBcw8pw.res -plugin-opt=-pass-through=-lgcc_s -plugin-opt=-pass-through=-lgcc -plugin-opt=-pass-through=-lc -plugin-opt=-pass-through=-lgcc_s -plugin-opt=-pass-through=-lgcc --build-id --eh-frame-hdr --hash-style=gnu -export-dynamic -dynamic-linker /lib/ld-linux-armhf.so.3 -X -m armelf_linux_eabi -o cmTryCompileExec3215966492 /usr/lib/gcc/armv6l-unknown-linux-gnueabihf/5.1.0/../../../crt1.o /usr/lib/gcc/armv6l-unknown-linux-gnueabihf/5.1.0/../../../crti.o /usr/lib/gcc/armv6l-unknown-linux-gnueabihf/5.1.0/crtbegin.o -L/usr/lib/gcc/armv6l-unknown-linux-gnueabihf/5.1.0 -L/usr/lib/gcc/armv6l-unknown-linux-gnueabihf/5.1.0/../../.. CMakeFiles/cmTryCompileExec3215966492.dir/CMakeCXXCompilerABI.cpp.o -lstdc++ -lm -lgcc_s -lgcc -lc -lgcc_s -lgcc /usr/lib/gcc/armv6l-unknown-linux-gnueabihf/5.1.0/crtend.o /usr/lib/gcc/armv6l-unknown-linux-gnueabihf/5.1.0/../../../crtn.o
make[1]: Leaving directory '/home/lykanthrop/projects/rufius/CMakeFiles/CMakeTmp'


Parsed CXX implicit link information from above output:
  link line regex: [^( *|.*[/\])(ld|([^/\]+-)?ld|collect2)[^/\]*( |$)]
  ignore line: [Change Dir: /home/lykanthrop/projects/rufius/CMakeFiles/CMakeTmp]
  ignore line: []
  ignore line: [Run Build Command:"/usr/bin/make" "cmTryCompileExec3215966492/fast"]
  ignore line: [/usr/bin/make -f CMakeFiles/cmTryCompileExec3215966492.dir/build.make CMakeFiles/cmTryCompileExec3215966492.dir/build]
  ignore line: [make[1]: Entering directory '/home/lykanthrop/projects/rufius/CMakeFiles/CMakeTmp']
  ignore line: [/usr/bin/cmake -E cmake_progress_report /home/lykanthrop/projects/rufius/CMakeFiles/CMakeTmp/CMakeFiles 1]
  ignore line: [Building CXX object CMakeFiles/cmTryCompileExec3215966492.dir/CMakeCXXCompilerABI.cpp.o]
  ignore line: [/usr/bin/c++     -o CMakeFiles/cmTryCompileExec3215966492.dir/CMakeCXXCompilerABI.cpp.o -c /usr/share/cmake-3.2/Modules/CMakeCXXCompilerABI.cpp]
  ignore line: [Linking CXX executable cmTryCompileExec3215966492]
  ignore line: [/usr/bin/cmake -E cmake_link_script CMakeFiles/cmTryCompileExec3215966492.dir/link.txt --verbose=1]
  ignore line: [/usr/bin/c++       -v CMakeFiles/cmTryCompileExec3215966492.dir/CMakeCXXCompilerABI.cpp.o  -o cmTryCompileExec3215966492 -rdynamic  ]
  ignore line: [Using built-in specs.]
  ignore line: [COLLECT_GCC=/usr/bin/c++]
  ignore line: [COLLECT_LTO_WRAPPER=/usr/lib/gcc/armv6l-unknown-linux-gnueabihf/5.1.0/lto-wrapper]
  ignore line: [Target: armv6l-unknown-linux-gnueabihf]
  ignore line: [Configured with: /build/gcc/src/gcc-5-20150623/configure --prefix=/usr --libdir=/usr/lib --libexecdir=/usr/lib --mandir=/usr/share/man --infodir=/usr/share/info --with-bugurl=https://github.com/archlinuxarm/PKGBUILDs/issues --enable-languages=c,c++,fortran,go,lto,objc,obj-c++ --enable-shared --enable-threads=posix --with-system-zlib --with-isl --enable-__cxa_atexit --disable-libunwind-exceptions --enable-clocale=gnu --disable-libstdcxx-pch --disable-libssp --enable-gnu-unique-object --enable-linker-build-id --enable-lto --enable-plugin --enable-install-libiberty --with-linker-hash-style=gnu --enable-gnu-indirect-function --disable-multilib --disable-werror --enable-checking=release --with-default-libstdcxx-abi=c++98 --host=armv6l-unknown-linux-gnueabihf --build=armv6l-unknown-linux-gnueabihf --with-arch=armv6 --with-float=hard --with-fpu=vfp]
  ignore line: [Thread model: posix]
  ignore line: [gcc version 5.1.0 (GCC) ]
  ignore line: [COMPILER_PATH=/usr/lib/gcc/armv6l-unknown-linux-gnueabihf/5.1.0/:/usr/lib/gcc/armv6l-unknown-linux-gnueabihf/5.1.0/:/usr/lib/gcc/armv6l-unknown-linux-gnueabihf/:/usr/lib/gcc/armv6l-unknown-linux-gnueabihf/5.1.0/:/usr/lib/gcc/armv6l-unknown-linux-gnueabihf/]
  ignore line: [LIBRARY_PATH=/usr/lib/gcc/armv6l-unknown-linux-gnueabihf/5.1.0/:/usr/lib/gcc/armv6l-unknown-linux-gnueabihf/5.1.0/../../../:/lib/:/usr/lib/]
  ignore line: [COLLECT_GCC_OPTIONS='-v' '-o' 'cmTryCompileExec3215966492' '-rdynamic' '-shared-libgcc' '-march=armv6' '-mfloat-abi=hard' '-mfpu=vfp' '-mtls-dialect=gnu']
  link line: [ /usr/lib/gcc/armv6l-unknown-linux-gnueabihf/5.1.0/collect2 -plugin /usr/lib/gcc/armv6l-unknown-linux-gnueabihf/5.1.0/liblto_plugin.so -plugin-opt=/usr/lib/gcc/armv6l-unknown-linux-gnueabihf/5.1.0/lto-wrapper -plugin-opt=-fresolution=/tmp/ccBcw8pw.res -plugin-opt=-pass-through=-lgcc_s -plugin-opt=-pass-through=-lgcc -plugin-opt=-pass-through=-lc -plugin-opt=-pass-through=-lgcc_s -plugin-opt=-pass-through=-lgcc --build-id --eh-frame-hdr --hash-style=gnu -export-dynamic -dynamic-linker /lib/ld-linux-armhf.so.3 -X -m armelf_linux_eabi -o cmTryCompileExec3215966492 /usr/lib/gcc/armv6l-unknown-linux-gnueabihf/5.1.0/../../../crt1.o /usr/lib/gcc/armv6l-unknown-linux-gnueabihf/5.1.0/../../../crti.o /usr/lib/gcc/armv6l-unknown-linux-gnueabihf/5.1.0/crtbegin.o -L/usr/lib/gcc/armv6l-unknown-linux-gnueabihf/5.1.0 -L/usr/lib/gcc/armv6l-unknown-linux-gnueabihf/5.1.0/../../.. CMakeFiles/cmTryCompileExec3215966492.dir/CMakeCXXCompilerABI.cpp.o -lstdc++ -lm -lgcc_s -lgcc -lc -lgcc_s -lgcc /usr/lib/gcc/armv6l-unknown-linux-gnueabihf/5.1.0/crtend.o /usr/lib/gcc/armv6l-unknown-linux-gnueabihf/5.1.0/../../../crtn.o]
    arg [/usr/lib/gcc/armv6l-unknown-linux-gnueabihf/5.1.0/collect2] ==> ignore
    arg [-plugin] ==> ignore
    arg [/usr/lib/gcc/armv6l-unknown-linux-gnueabihf/5.1.0/liblto_plugin.so] ==> ignore
    arg [-plugin-opt=/usr/lib/gcc/armv6l-unknown-linux-gnueabihf/5.1.0/lto-wrapper] ==> ignore
    arg [-plugin-opt=-fresolution=/tmp/ccBcw8pw.res] ==> ignore
    arg [-plugin-opt=-pass-through=-lgcc_s] ==> ignore
    arg [-plugin-opt=-pass-through=-lgcc] ==> ignore
    arg [-plugin-opt=-pass-through=-lc] ==> ignore
    arg [-plugin-opt=-pass-through=-lgcc_s] ==> ignore
    arg [-plugin-opt=-pass-through=-lgcc] ==> ignore
    arg [--build-id] ==> ignore
    arg [--eh-frame-hdr] ==> ignore
    arg [--hash-style=gnu] ==> ignore
    arg [-export-dynamic] ==> ignore
    arg [-dynamic-linker] ==> ignore
    arg [/lib/ld-linux-armhf.so.3] ==> ignore
    arg [-X] ==> ignore
    arg [-m] ==> ignore
    arg [armelf_linux_eabi] ==> ignore
    arg [-o] ==> ignore
    arg [cmTryCompileExec3215966492] ==> ignore
    arg [/usr/lib/gcc/armv6l-unknown-linux-gnueabihf/5.1.0/../../../crt1.o] ==> ignore
    arg [/usr/lib/gcc/armv6l-unknown-linux-gnueabihf/5.1.0/../../../crti.o] ==> ignore
    arg [/usr/lib/gcc/armv6l-unknown-linux-gnueabihf/5.1.0/crtbegin.o] ==> ignore
    arg [-L/usr/lib/gcc/armv6l-unknown-linux-gnueabihf/5.1.0] ==> dir [/usr/lib/gcc/armv6l-unknown-linux-gnueabihf/5.1.0]
    arg [-L/usr/lib/gcc/armv6l-unknown-linux-gnueabihf/5.1.0/../../..] ==> dir [/usr/lib/gcc/armv6l-unknown-linux-gnueabihf/5.1.0/../../..]
    arg [CMakeFiles/cmTryCompileExec3215966492.dir/CMakeCXXCompilerABI.cpp.o] ==> ignore
    arg [-lstdc++] ==> lib [stdc++]
    arg [-lm] ==> lib [m]
    arg [-lgcc_s] ==> lib [gcc_s]
    arg [-lgcc] ==> lib [gcc]
    arg [-lc] ==> lib [c]
    arg [-lgcc_s] ==> lib [gcc_s]
    arg [-lgcc] ==> lib [gcc]
    arg [/usr/lib/gcc/armv6l-unknown-linux-gnueabihf/5.1.0/crtend.o] ==> ignore
    arg [/usr/lib/gcc/armv6l-unknown-linux-gnueabihf/5.1.0/../../../crtn.o] ==> ignore
  remove lib [gcc_s]
  remove lib [gcc]
  remove lib [gcc_s]
  remove lib [gcc]
  collapse library dir [/usr/lib/gcc/armv6l-unknown-linux-gnueabihf/5.1.0] ==> [/usr/lib/gcc/armv6l-unknown-linux-gnueabihf/5.1.0]
  collapse library dir [/usr/lib/gcc/armv6l-unknown-linux-gnueabihf/5.1.0/../../..] ==> [/usr/lib]
  implicit libs: [stdc++;m;c]
  implicit dirs: [/usr/lib/gcc/armv6l-unknown-linux-gnueabihf/5.1.0;/usr/lib]
  implicit fwks: []




Detecting CXX [-std=c++14] compiler features compiled with the following output:
Change Dir: /home/lykanthrop/projects/rufius/CMakeFiles/CMakeTmp

Run Build Command:"/usr/bin/make" "cmTryCompileExec2020659491/fast"
/usr/bin/make -f CMakeFiles/cmTryCompileExec2020659491.dir/build.make CMakeFiles/cmTryCompileExec2020659491.dir/build
make[1]: Entering directory '/home/lykanthrop/projects/rufius/CMakeFiles/CMakeTmp'
/usr/bin/cmake -E cmake_progress_report /home/lykanthrop/projects/rufius/CMakeFiles/CMakeTmp/CMakeFiles 1
Building CXX object CMakeFiles/cmTryCompileExec2020659491.dir/feature_tests.cxx.o
/usr/bin/c++    -std=c++14 -o CMakeFiles/cmTryCompileExec2020659491.dir/feature_tests.cxx.o -c /home/lykanthrop/projects/rufius/CMakeFiles/feature_tests.cxx
Linking CXX executable cmTryCompileExec2020659491
/usr/bin/cmake -E cmake_link_script CMakeFiles/cmTryCompileExec2020659491.dir/link.txt --verbose=1
/usr/bin/c++        CMakeFiles/cmTryCompileExec2020659491.dir/feature_tests.cxx.o  -o cmTryCompileExec2020659491 -rdynamic 
make[1]: Leaving directory '/home/lykanthrop/projects/rufius/CMakeFiles/CMakeTmp'


    Feature record: CXX_FEATURE:1cxx_aggregate_default_initializers
    Feature record: CXX_FEATURE:1cxx_alias_templates
    Feature record: CXX_FEATURE:1cxx_alignas
    Feature record: CXX_FEATURE:1cxx_alignof
    Feature record: CXX_FEATURE:1cxx_attributes
    Feature record: CXX_FEATURE:1cxx_attribute_deprecated
    Feature record: CXX_FEATURE:1cxx_auto_type
    Feature record: CXX_FEATURE:1cxx_binary_literals
    Feature record: CXX_FEATURE:1cxx_constexpr
    Feature record: CXX_FEATURE:1cxx_contextual_conversions
    Feature record: CXX_FEATURE:1cxx_decltype
    Feature record: CXX_FEATURE:1cxx_decltype_auto
    Feature record: CXX_FEATURE:1cxx_decltype_incomplete_return_types
    Feature record: CXX_FEATURE:1cxx_default_function_template_args
    Feature record: CXX_FEATURE:1cxx_defaulted_functions
    Feature record: CXX_FEATURE:1cxx_defaulted_move_initializers
    Feature record: CXX_FEATURE:1cxx_delegating_constructors
    Feature record: CXX_FEATURE:1cxx_deleted_functions
    Feature record: CXX_FEATURE:1cxx_digit_separators
    Feature record: CXX_FEATURE:1cxx_enum_forward_declarations
    Feature record: CXX_FEATURE:1cxx_explicit_conversions
    Feature record: CXX_FEATURE:1cxx_extended_friend_declarations
    Feature record: CXX_FEATURE:1cxx_extern_templates
    Feature record: CXX_FEATURE:1cxx_final
    Feature record: CXX_FEATURE:1cxx_func_identifier
    Feature record: CXX_FEATURE:1cxx_generalized_initializers
    Feature record: CXX_FEATURE:1cxx_generic_lambdas
    Feature record: CXX_FEATURE:1cxx_inheriting_constructors
    Feature record: CXX_FEATURE:1cxx_inline_namespaces
    Feature record: CXX_FEATURE:1cxx_lambdas
    Feature record: CXX_FEATURE:1cxx_lambda_init_captures
    Feature record: CXX_FEATURE:1cxx_local_type_template_args
    Feature record: CXX_FEATURE:1cxx_long_long_type
    Feature record: CXX_FEATURE:1cxx_noexcept
    Feature record: CXX_FEATURE:1cxx_nonstatic_member_init
    Feature record: CXX_FEATURE:1cxx_nullptr
    Feature record: CXX_FEATURE:1cxx_override
    Feature record: CXX_FEATURE:1cxx_range_for
    Feature record: CXX_FEATURE:1cxx_raw_string_literals
    Feature record: CXX_FEATURE:1cxx_reference_qualified_functions
    Feature record: CXX_FEATURE:1cxx_relaxed_constexpr
    Feature record: CXX_FEATURE:1cxx_return_type_deduction
    Feature record: CXX_FEATURE:1cxx_right_angle_brackets
    Feature record: CXX_FEATURE:1cxx_rvalue_references
    Feature record: CXX_FEATURE:1cxx_sizeof_member
    Feature record: CXX_FEATURE:1cxx_static_assert
    Feature record: CXX_FEATURE:1cxx_strong_enums
    Feature record: CXX_FEATURE:1cxx_template_template_parameters
    Feature record: CXX_FEATURE:1cxx_thread_local
    Feature record: CXX_FEATURE:1cxx_trailing_return_types
    Feature record: CXX_FEATURE:1cxx_unicode_literals
    Feature record: CXX_FEATURE:1cxx_uniform_initialization
    Feature record: CXX_FEATURE:1cxx_unrestricted_unions
    Feature record: CXX_FEATURE:1cxx_user_literals
    Feature record: CXX_FEATURE:1cxx_variable_templates
    Feature record: CXX_FEATURE:1cxx_variadic_macros
    Feature record: CXX_FEATURE:1cxx_variadic_templates


Detecting CXX [-std=c++11] compiler features compiled with the following output:
Change Dir: /home/lykanthrop/projects/rufius/CMakeFiles/CMakeTmp

Run Build Command:"/usr/bin/make" "cmTryCompileExec180410406/fast"
/usr/bin/make -f CMakeFiles/cmTryCompileExec180410406.dir/build.make CMakeFiles/cmTryCompileExec180410406.dir/build
make[1]: Entering directory '/home/lykanthrop/projects/rufius/CMakeFiles/CMakeTmp'
/usr/bin/cmake -E cmake_progress_report /home/lykanthrop/projects/rufius/CMakeFiles/CMakeTmp/CMakeFiles 1
Building CXX object CMakeFiles/cmTryCompileExec180410406.dir/feature_tests.cxx.o
/usr/bin/c++    -std=c++11 -o CMakeFiles/cmTryCompileExec180410406.dir/feature_tests.cxx.o -c /home/lykanthrop/projects/rufius/CMakeFiles/feature_tests.cxx
Linking CXX executable cmTryCompileExec180410406
/usr/bin/cmake -E cmake_link_script CMakeFiles/cmTryCompileExec180410406.dir/link.txt --verbose=1
/usr/bin/c++        CMakeFiles/cmTryCompileExec180410406.dir/feature_tests.cxx.o  -o cmTryCompileExec180410406 -rdynamic 
make[1]: Leaving directory '/home/lykanthrop/projects/rufius/CMakeFiles/CMakeTmp'


    Feature record: CXX_FEATURE:0cxx_aggregate_default_initializers
    Feature record: CXX_FEATURE:1cxx_alias_templates
    Feature record: CXX_FEATURE:1cxx_alignas
    Feature record: CXX_FEATURE:1cxx_alignof
    Feature record: CXX_FEATURE:1cxx_attributes
    Feature record: CXX_FEATURE:0cxx_attribute_deprecated
    Feature record: CXX_FEATURE:1cxx_auto_type
    Feature record: CXX_FEATURE:0cxx_binary_literals
    Feature record: CXX_FEATURE:1cxx_constexpr
    Feature record: CXX_FEATURE:0cxx_contextual_conversions
    Feature record: CXX_FEATURE:1cxx_decltype
    Feature record: CXX_FEATURE:0cxx_decltype_auto
    Feature record: CXX_FEATURE:1cxx_decltype_incomplete_return_types
    Feature record: CXX_FEATURE:1cxx_default_function_template_args
    Feature record: CXX_FEATURE:1cxx_defaulted_functions
    Feature record: CXX_FEATURE:1cxx_defaulted_move_initializers
    Feature record: CXX_FEATURE:1cxx_delegating_constructors
    Feature record: CXX_FEATURE:1cxx_deleted_functions
    Feature record: CXX_FEATURE:0cxx_digit_separators
    Feature record: CXX_FEATURE:1cxx_enum_forward_declarations
    Feature record: CXX_FEATURE:1cxx_explicit_conversions
    Feature record: CXX_FEATURE:1cxx_extended_friend_declarations
    Feature record: CXX_FEATURE:1cxx_extern_templates
    Feature record: CXX_FEATURE:1cxx_final
    Feature record: CXX_FEATURE:1cxx_func_identifier
    Feature record: CXX_FEATURE:1cxx_generalized_initializers
    Feature record: CXX_FEATURE:0cxx_generic_lambdas
    Feature record: CXX_FEATURE:1cxx_inheriting_constructors
    Feature record: CXX_FEATURE:1cxx_inline_namespaces
    Feature record: CXX_FEATURE:1cxx_lambdas
    Feature record: CXX_FEATURE:0cxx_lambda_init_captures
    Feature record: CXX_FEATURE:1cxx_local_type_template_args
    Feature record: CXX_FEATURE:1cxx_long_long_type
    Feature record: CXX_FEATURE:1cxx_noexcept
    Feature record: CXX_FEATURE:1cxx_nonstatic_member_init
    Feature record: CXX_FEATURE:1cxx_nullptr
    Feature record: CXX_FEATURE:1cxx_override
    Feature record: CXX_FEATURE:1cxx_range_for
    Feature record: CXX_FEATURE:1cxx_raw_string_literals
    Feature record: CXX_FEATURE:1cxx_reference_qualified_functions
    Feature record: CXX_FEATURE:0cxx_relaxed_constexpr
    Feature record: CXX_FEATURE:0cxx_return_type_deduction
    Feature record: CXX_FEATURE:1cxx_right_angle_brackets
    Feature record: CXX_FEATURE:1cxx_rvalue_references
    Feature record: CXX_FEATURE:1cxx_sizeof_member
    Feature record: CXX_FEATURE:1cxx_static_assert
    Feature record: CXX_FEATURE:1cxx_strong_enums
    Feature record: CXX_FEATURE:1cxx_template_template_parameters
    Feature record: CXX_FEATURE:1cxx_thread_local
    Feature record: CXX_FEATURE:1cxx_trailing_return_types
    Feature record: CXX_FEATURE:1cxx_unicode_literals
    Feature record: CXX_FEATURE:1cxx_uniform_initialization
    Feature record: CXX_FEATURE:1cxx_unrestricted_unions
    Feature record: CXX_FEATURE:1cxx_user_literals
    Feature record: CXX_FEATURE:0cxx_variable_templates
    Feature record: CXX_FEATURE:1cxx_variadic_macros
    Feature record: CXX_FEATURE:1cxx_variadic_templates


Detecting CXX [-std=c++98] compiler features compiled with the following output:
Change Dir: /home/lykanthrop/projects/rufius/CMakeFiles/CMakeTmp

Run Build Command:"/usr/bin/make" "cmTryCompileExec4262582633/fast"
/usr/bin/make -f CMakeFiles/cmTryCompileExec4262582633.dir/build.make CMakeFiles/cmTryCompileExec4262582633.dir/build
make[1]: Entering directory '/home/lykanthrop/projects/rufius/CMakeFiles/CMakeTmp'
/usr/bin/cmake -E cmake_progress_report /home/lykanthrop/projects/rufius/CMakeFiles/CMakeTmp/CMakeFiles 1
Building CXX object CMakeFiles/cmTryCompileExec4262582633.dir/feature_tests.cxx.o
/usr/bin/c++    -std=c++98 -o CMakeFiles/cmTryCompileExec4262582633.dir/feature_tests.cxx.o -c /home/lykanthrop/projects/rufius/CMakeFiles/feature_tests.cxx
Linking CXX executable cmTryCompileExec4262582633
/usr/bin/cmake -E cmake_link_script CMakeFiles/cmTryCompileExec4262582633.dir/link.txt --verbose=1
/usr/bin/c++        CMakeFiles/cmTryCompileExec4262582633.dir/feature_tests.cxx.o  -o cmTryCompileExec4262582633 -rdynamic 
make[1]: Leaving directory '/home/lykanthrop/projects/rufius/CMakeFiles/CMakeTmp'


    Feature record: CXX_FEATURE:0cxx_aggregate_default_initializers
    Feature record: CXX_FEATURE:0cxx_alias_templates
    Feature record: CXX_FEATURE:0cxx_alignas
    Feature record: CXX_FEATURE:0cxx_alignof
    Feature record: CXX_FEATURE:0cxx_attributes
    Feature record: CXX_FEATURE:0cxx_attribute_deprecated
    Feature record: CXX_FEATURE:0cxx_auto_type
    Feature record: CXX_FEATURE:0cxx_binary_literals
    Feature record: CXX_FEATURE:0cxx_constexpr
    Feature record: CXX_FEATURE:0cxx_contextual_conversions
    Feature record: CXX_FEATURE:0cxx_decltype
    Feature record: CXX_FEATURE:0cxx_decltype_auto
    Feature record: CXX_FEATURE:0cxx_decltype_incomplete_return_types
    Feature record: CXX_FEATURE:0cxx_default_function_template_args
    Feature record: CXX_FEATURE:0cxx_defaulted_functions
    Feature record: CXX_FEATURE:0cxx_defaulted_move_initializers
    Feature record: CXX_FEATURE:0cxx_delegating_constructors
    Feature record: CXX_FEATURE:0cxx_deleted_functions
    Feature record: CXX_FEATURE:0cxx_digit_separators
    Feature record: CXX_FEATURE:0cxx_enum_forward_declarations
    Feature record: CXX_FEATURE:0cxx_explicit_conversions
    Feature record: CXX_FEATURE:0cxx_extended_friend_declarations
    Feature record: CXX_FEATURE:0cxx_extern_templates
    Feature record: CXX_FEATURE:0cxx_final
    Feature record: CXX_FEATURE:0cxx_func_identifier
    Feature record: CXX_FEATURE:0cxx_generalized_initializers
    Feature record: CXX_FEATURE:0cxx_generic_lambdas
    Feature record: CXX_FEATURE:0cxx_inheriting_constructors
    Feature record: CXX_FEATURE:0cxx_inline_namespaces
    Feature record: CXX_FEATURE:0cxx_lambdas
    Feature record: CXX_FEATURE:0cxx_lambda_init_captures
    Feature record: CXX_FEATURE:0cxx_local_type_template_args
    Feature record: CXX_FEATURE:0cxx_long_long_type
    Feature record: CXX_FEATURE:0cxx_noexcept
    Feature record: CXX_FEATURE:0cxx_nonstatic_member_init
    Feature record: CXX_FEATURE:0cxx_nullptr
    Feature record: CXX_FEATURE:0cxx_override
    Feature record: CXX_FEATURE:0cxx_range_for
    Feature record: CXX_FEATURE:0cxx_raw_string_literals
    Feature record: CXX_FEATURE:0cxx_reference_qualified_functions
    Feature record: CXX_FEATURE:0cxx_relaxed_constexpr
    Feature record: CXX_FEATURE:0cxx_return_type_deduction
    Feature record: CXX_FEATURE:0cxx_right_angle_brackets
    Feature record: CXX_FEATURE:0cxx_rvalue_references
    Feature record: CXX_FEATURE:0cxx_sizeof_member
    Feature record: CXX_FEATURE:0cxx_static_assert
    Feature record: CXX_FEATURE:0cxx_strong_enums
    Feature record: CXX_FEATURE:1cxx_template_template_parameters
    Feature record: CXX_FEATURE:0cxx_thread_local
    Feature record: CXX_FEATURE:0cxx_trailing_return_types
    Feature record: CXX_FEATURE:0cxx_unicode_literals
    Feature record: CXX_FEATURE:0cxx_uniform_initialization
    Feature record: CXX_FEATURE:0cxx_unrestricted_unions
    Feature record: CXX_FEATURE:0cxx_user_literals
    Feature record: CXX_FEATURE:0cxx_variable_templates
    Feature record: CXX_FEATURE:0cxx_variadic_macros
    Feature record: CXX_FEATURE:0cxx_variadic_templates
